<?xml version="1.0" encoding="UTF-8"?>
<!-- Generated by org.testng.reporters.JUnitReportReporter -->
<testsuite skipped="2" hostname="Kshtty" name="brinyTime_tests.Create_Category_ScriptTest" tests="3" failures="0" timestamp="2023-05-29T16:33:22 IST" time="8.193" errors="1">
  <testcase name="createCategory" time="1.222" classname="brinyTime_tests.Create_Category_ScriptTest">
    <skipped/>
  </testcase> <!-- createCategory -->
  <system-out/>
  <testcase name="createCategory" time="0.797" classname="brinyTime_tests.Create_Category_ScriptTest">
    <skipped/>
  </testcase> <!-- createCategory -->
  <system-out/>
  <testcase name="createCategory" time="6.174" classname="brinyTime_tests.Create_Category_ScriptTest">
    <error type="java.io.FileNotFoundException" message=".\src\test\resources\Data\Testdata_adminPage.xlsx (The system cannot find the path specified)">
      <![CDATA[java.io.FileNotFoundException: .\src\test\resources\Data\Testdata_adminPage.xlsx (The system cannot find the path specified)
at java.io.FileInputStream.open0(Native Method)
at java.io.FileInputStream.open(Unknown Source)
at java.io.FileInputStream.<init>(Unknown Source)
at java.io.FileInputStream.<init>(Unknown Source)
at brinyTimeGenericUtility.ExcelUtility.getExcelData(ExcelUtility.java:52)
at brinyTime_tests.Create_Category_ScriptTest.createCategory(Create_Category_ScriptTest.java:16)
at sun.reflect.NativeMethodAccessorImpl.invoke0(Native Method)
at sun.reflect.NativeMethodAccessorImpl.invoke(Unknown Source)
at sun.reflect.DelegatingMethodAccessorImpl.invoke(Unknown Source)
at java.lang.reflect.Method.invoke(Unknown Source)
at org.testng.internal.MethodInvocationHelper.invokeMethod(MethodInvocationHelper.java:133)
at org.testng.internal.TestInvoker.invokeMethod(TestInvoker.java:598)
at org.testng.internal.TestInvoker.retryFailed(TestInvoker.java:213)
at org.testng.internal.MethodRunner.runInSequence(MethodRunner.java:58)
at org.testng.internal.TestInvoker$MethodInvocationAgent.invoke(TestInvoker.java:824)
at org.testng.internal.TestInvoker.invokeTestMethods(TestInvoker.java:146)
at org.testng.internal.TestMethodWorker.invokeTestMethods(TestMethodWorker.java:146)
at org.testng.internal.TestMethodWorker.run(TestMethodWorker.java:128)
at java.util.ArrayList.forEach(Unknown Source)
at org.testng.TestRunner.privateRun(TestRunner.java:794)
at org.testng.TestRunner.run(TestRunner.java:596)
at org.testng.SuiteRunner.runTest(SuiteRunner.java:377)
at org.testng.SuiteRunner.runSequentially(SuiteRunner.java:371)
at org.testng.SuiteRunner.privateRun(SuiteRunner.java:332)
at org.testng.SuiteRunner.run(SuiteRunner.java:276)
at org.testng.SuiteRunnerWorker.runSuite(SuiteRunnerWorker.java:53)
at org.testng.SuiteRunnerWorker.run(SuiteRunnerWorker.java:96)
at org.testng.TestNG.runSuitesSequentially(TestNG.java:1212)
at org.testng.TestNG.runSuitesLocally(TestNG.java:1134)
at org.testng.TestNG.runSuites(TestNG.java:1063)
at org.testng.TestNG.run(TestNG.java:1031)
at org.testng.remote.AbstractRemoteTestNG.run(AbstractRemoteTestNG.java:115)
at org.testng.remote.RemoteTestNG.initAndRun(RemoteTestNG.java:251)
at org.testng.remote.RemoteTestNG.main(RemoteTestNG.java:77)
]]>
    </error>
  </testcase> <!-- createCategory -->
  <system-out/>
</testsuite> <!-- brinyTime_tests.Create_Category_ScriptTest -->
